<?xml version="1.0" encoding="UTF-8"?>
<testng-results ignored="0" total="1" passed="1" failed="0" skipped="0">
  <reporter-output>
  </reporter-output>
  <suite started-at="2022-07-21T23:57:57 CDT" name="Default suite" finished-at="2022-07-21T23:58:02 CDT" duration-ms="4559">
    <groups>
    </groups>
    <test started-at="2022-07-21T23:57:57 CDT" name="Default test" finished-at="2022-07-21T23:58:02 CDT" duration-ms="4559">
      <class name="variousConcept.LearnTestNG">
        <test-method is-config="true" signature="init()[pri:0, instance:variousConcept.LearnTestNG@cad498c]" started-at="2022-07-21T23:57:57 CDT" name="init" finished-at="2022-07-21T23:58:00 CDT" duration-ms="2878" status="PASS">
          <reporter-output>
          </reporter-output>
        </test-method> <!-- init -->
        <test-method signature="loginTestNG()[pri:0, instance:variousConcept.LearnTestNG@cad498c]" started-at="2022-07-21T23:58:00 CDT" name="loginTestNG" finished-at="2022-07-21T23:58:01 CDT" duration-ms="1296" status="PASS">
          <reporter-output>
          </reporter-output>
        </test-method> <!-- loginTestNG -->
        <test-method is-config="true" signature="tearDown()[pri:0, instance:variousConcept.LearnTestNG@cad498c]" started-at="2022-07-21T23:58:01 CDT" name="tearDown" finished-at="2022-07-21T23:58:02 CDT" duration-ms="322" status="PASS">
          <reporter-output>
          </reporter-output>
        </test-method> <!-- tearDown -->
      </class> <!-- variousConcept.LearnTestNG -->
    </test> <!-- Default test -->
  </suite> <!-- Default suite -->
</testng-results>
